P09622 P31023 P09624 P14218 P18925 P11959 P9WHH9 D0VWY5 P09063 
P45954 P26440 Q9UKU7 P15651 P16219 K4L7X3 C3UVB0 
Q06278 G3X982 P47989 P80457 P22985 
Q54530 L8EUQ6 Q5YTV5 K7QRJ5 
Q6IUU3 Q8BND5 O00391 
P16603 P00388 P16435 
Q9YHT1 Q0QF01 P0AC41 
P81382 Q6STF1 P0DI84 
P9WIQ1 Q48485 P37747 
P05982 P15559 Q64669 
Q9UI17 Q63342 
P07342 P17597 
Q43125 Q96524 
O62140 O62137 
Q8KA85 O66962 
O95831 Q9Z0X1 
O53666 Q3L887 
H3JQW0 Q47PU3 
Q8GTB6 Q5QJ60 
P95480 Q8KHZ8 
E9QYP0 Q51548 
P08165 P9WIQ3 
P05327 P00914 
P50336 P56601 
P9WJF1 A0R607 
P37062 O58308 
Q8X1D8 B2AM55 
B7JBP8 O67931 
P00438 P20586 
Q5L2C2 O31616 
P00455 P10933 
P00371 P14920 
P13804 P53571 
Q48MT7 Q888A4 
O33820 P77324 
Q9RW55 Q72IB8 
Q9L6V3 Q44532 
P55789 Q63042 
Q8VDP3 
Q28943 
A0A286R227 
O60341 
Q9AGP8 
Q8NB78 
Q709F0 
Q5W9R9 
Q9UBK8 
P42593 
T2G6Z9 
P15245 
P17412 
P49748 
A0A248QE08 
Q6SSJ6 
P17571 
P97784 
P38038 
P83223 
P91938 
Q9R194 
A2XDA1 
Q14534 
P07003 
P06149 
Q945K2 
O48652 
O77059 
P33224 
Q8VPD4 
Q9FUJ1 
A9CH39 
Q6F6A2 
O24164 
Q8C0L6 
O64411 
Q4WD43 
P9WHH7 
P55792 
L7WC64 
O15229 
Q5SJP8 
P32397 
Q84HF5 
Q4JA33 
Q9Y6N5 
Q4KCZ0 
Q9HFE4 
O52582 
Q96329 
Q652L6 
P61497 
Q7ZAG8 
Q2FZV7 
Q9HWG9 
I6YCA3 
Q93NG3 
Q9HKS9 
Q9HUH4 
Q93L51 
A6T923 
Q9HTK9 
Q88FY2 
Q9AL95 
Q39243 
Q9HXE3 
C6KT68 
O83774 
P41780 
P9WHH1 
E9RAH5 
P0DPQ8 
P29509 
P0AEZ1 
Q0QLF4 
P9WG57 
P28861 
P16083 
Q9WYT0 
O26061 
P0AEY7 
Q8GXX0 
O87008 
Q5SJP7 
